c:\users\ejhei\source\repos\my\my\x64\debug\vc143.pdb
c:\users\ejhei\source\repos\my\my\x64\debug\vc143.idb
c:\users\ejhei\source\repos\my\my\x64\debug\my.obj
c:\users\ejhei\desktop\c plus class\practice\chapter 8\my\my\x64\debug\my.obj
c:\users\ejhei\desktop\c plus class\practice\chapter 8\my\my\x64\debug\vc143.idb
c:\users\ejhei\desktop\c plus class\practice\chapter 8\my\my\x64\debug\vc143.pdb
c:\users\ejhei\desktop\c plus class\practice\chapter 8\my\x64\debug\my.pdb
c:\users\ejhei\desktop\c plus class\practice\chapter 8\my\my\x64\debug\my.tlog\cl.command.1.tlog
c:\users\ejhei\desktop\c plus class\practice\chapter 8\my\my\x64\debug\my.tlog\cl.read.1.tlog
c:\users\ejhei\desktop\c plus class\practice\chapter 8\my\my\x64\debug\my.tlog\cl.write.1.tlog
c:\users\ejhei\desktop\c plus class\practice\chapter 8\my\my\x64\debug\my.tlog\link-cvtres.read.1.tlog
c:\users\ejhei\desktop\c plus class\practice\chapter 8\my\my\x64\debug\my.tlog\link-cvtres.write.1.tlog
c:\users\ejhei\desktop\c plus class\practice\chapter 8\my\my\x64\debug\my.tlog\link-rc.read.1.tlog
c:\users\ejhei\desktop\c plus class\practice\chapter 8\my\my\x64\debug\my.tlog\link-rc.write.1.tlog
c:\users\ejhei\desktop\c plus class\practice\chapter 8\my\my\x64\debug\my.tlog\link.command.1.tlog
c:\users\ejhei\desktop\c plus class\practice\chapter 8\my\my\x64\debug\my.tlog\link.read.1.tlog
c:\users\ejhei\desktop\c plus class\practice\chapter 8\my\my\x64\debug\my.tlog\link.read.2.tlog
c:\users\ejhei\desktop\c plus class\practice\chapter 8\my\my\x64\debug\my.tlog\link.read.3.tlog
c:\users\ejhei\desktop\c plus class\practice\chapter 8\my\my\x64\debug\my.tlog\link.read.4.tlog
c:\users\ejhei\desktop\c plus class\practice\chapter 8\my\my\x64\debug\my.tlog\link.write.1.tlog
